  [1m[35m (8.0ms)[0m  [1m[34mSELECT "schema_migrations"."version" FROM "schema_migrations" ORDER BY "schema_migrations"."version" ASC[0m
  [1m[35m (0.4ms)[0m  [1m[34mSELECT "ar_internal_metadata"."value" FROM "ar_internal_metadata" WHERE "ar_internal_metadata"."key" = $1[0m  [["key", "environment"]]
  [1m[35m (0.2ms)[0m  [1m[34mSELECT "schema_migrations"."version" FROM "schema_migrations" ORDER BY "schema_migrations"."version" ASC[0m
  [1m[35m (0.2ms)[0m  [1m[34mSELECT "ar_internal_metadata"."value" FROM "ar_internal_metadata" WHERE "ar_internal_metadata"."key" = $1[0m  [["key", "environment"]]
  [1m[35m (0.2ms)[0m  [1m[34mSELECT "schema_migrations"."version" FROM "schema_migrations" ORDER BY "schema_migrations"."version" ASC[0m
  [1m[35m (0.2ms)[0m  [1m[34mSELECT "ar_internal_metadata"."value" FROM "ar_internal_metadata" WHERE "ar_internal_metadata"."key" = $1[0m  [["key", "environment"]]
  [1m[35m (490.9ms)[0m  [1m[35mDROP DATABASE IF EXISTS "server_development"[0m
  [1m[35m (455.9ms)[0m  [1m[35mDROP DATABASE IF EXISTS "server_test"[0m
  [1m[35m (451.9ms)[0m  [1m[35mCREATE DATABASE "server_development" ENCODING = 'unicode'[0m
  [1m[35m (299.8ms)[0m  [1m[35mCREATE DATABASE "server_test" ENCODING = 'unicode'[0m
  [1m[35mSQL (0.4ms)[0m  [1m[35mCREATE EXTENSION IF NOT EXISTS "plpgsql"[0m
  [1m[35m (0.2ms)[0m  [1m[35mDROP TABLE IF EXISTS "prescriptions" CASCADE[0m
  [1m[35m (16.7ms)[0m  [1m[35mCREATE TABLE "prescriptions" ("id" bigserial primary key, "user_id" bigint, "name" character varying, "dose" character varying, "count_goal" integer, "recurring_period" character varying, "taken" integer, "last_taken" timestamp, "goal_is_met" boolean, "start_date" date, "end_date" date, "notes" text, "created_at" timestamp NOT NULL, "updated_at" timestamp NOT NULL)[0m
  [1m[35m (4.4ms)[0m  [1m[35mCREATE  INDEX  "index_prescriptions_on_user_id" ON "prescriptions"  ("user_id")[0m
  [1m[35m (0.6ms)[0m  [1m[35mDROP TABLE IF EXISTS "users" CASCADE[0m
  [1m[35m (5.5ms)[0m  [1m[35mCREATE TABLE "users" ("id" bigserial primary key, "username" character varying, "password_digest" character varying, "created_at" timestamp NOT NULL, "updated_at" timestamp NOT NULL)[0m
  [1m[35m (5.3ms)[0m  [1m[35mCREATE TABLE "schema_migrations" ("version" character varying NOT NULL PRIMARY KEY)[0m
  [1m[35m (0.7ms)[0m  [1m[34mSELECT "schema_migrations"."version" FROM "schema_migrations" ORDER BY "schema_migrations"."version" ASC[0m
  [1m[35m (1.6ms)[0m  [1m[32mINSERT INTO "schema_migrations" (version) VALUES (20180313165222)[0m
  [1m[35m (1.4ms)[0m  [1m[32mINSERT INTO "schema_migrations" (version) VALUES
(20180313033740),
(20180313154148);

[0m
  [1m[35m (6.7ms)[0m  [1m[35mCREATE TABLE "ar_internal_metadata" ("key" character varying NOT NULL PRIMARY KEY, "value" character varying, "created_at" timestamp NOT NULL, "updated_at" timestamp NOT NULL)[0m
  [1m[36mActiveRecord::InternalMetadata Load (0.5ms)[0m  [1m[34mSELECT  "ar_internal_metadata".* FROM "ar_internal_metadata" WHERE "ar_internal_metadata"."key" = $1 LIMIT $2[0m  [["key", "environment"], ["LIMIT", 1]]
  [1m[35m (0.2ms)[0m  [1m[35mBEGIN[0m
  [1m[35mSQL (0.5ms)[0m  [1m[32mINSERT INTO "ar_internal_metadata" ("key", "value", "created_at", "updated_at") VALUES ($1, $2, $3, $4) RETURNING "key"[0m  [["key", "environment"], ["value", "development"], ["created_at", "2018-03-14 00:09:57.035747"], ["updated_at", "2018-03-14 00:09:57.035747"]]
  [1m[35m (1.2ms)[0m  [1m[35mCOMMIT[0m
  [1m[36mActiveRecord::InternalMetadata Load (0.2ms)[0m  [1m[34mSELECT  "ar_internal_metadata".* FROM "ar_internal_metadata" WHERE "ar_internal_metadata"."key" = $1 LIMIT $2[0m  [["key", "environment"], ["LIMIT", 1]]
  [1m[35m (0.2ms)[0m  [1m[35mBEGIN[0m
  [1m[35m (0.1ms)[0m  [1m[35mCOMMIT[0m
  [1m[35mSQL (0.5ms)[0m  [1m[35mCREATE EXTENSION IF NOT EXISTS "plpgsql"[0m
  [1m[35m (0.3ms)[0m  [1m[35mDROP TABLE IF EXISTS "prescriptions" CASCADE[0m
  [1m[35m (14.1ms)[0m  [1m[35mCREATE TABLE "prescriptions" ("id" bigserial primary key, "user_id" bigint, "name" character varying, "dose" character varying, "count_goal" integer, "recurring_period" character varying, "taken" integer, "last_taken" timestamp, "goal_is_met" boolean, "start_date" date, "end_date" date, "notes" text, "created_at" timestamp NOT NULL, "updated_at" timestamp NOT NULL)[0m
  [1m[35m (2.3ms)[0m  [1m[35mCREATE  INDEX  "index_prescriptions_on_user_id" ON "prescriptions"  ("user_id")[0m
  [1m[35m (0.4ms)[0m  [1m[35mDROP TABLE IF EXISTS "users" CASCADE[0m
  [1m[35m (7.7ms)[0m  [1m[35mCREATE TABLE "users" ("id" bigserial primary key, "username" character varying, "password_digest" character varying, "created_at" timestamp NOT NULL, "updated_at" timestamp NOT NULL)[0m
  [1m[35m (4.6ms)[0m  [1m[35mCREATE TABLE "schema_migrations" ("version" character varying NOT NULL PRIMARY KEY)[0m
  [1m[35m (0.5ms)[0m  [1m[34mSELECT "schema_migrations"."version" FROM "schema_migrations" ORDER BY "schema_migrations"."version" ASC[0m
  [1m[35m (1.5ms)[0m  [1m[32mINSERT INTO "schema_migrations" (version) VALUES (20180313165222)[0m
  [1m[35m (1.6ms)[0m  [1m[32mINSERT INTO "schema_migrations" (version) VALUES
(20180313033740),
(20180313154148);

[0m
  [1m[35m (4.8ms)[0m  [1m[35mCREATE TABLE "ar_internal_metadata" ("key" character varying NOT NULL PRIMARY KEY, "value" character varying, "created_at" timestamp NOT NULL, "updated_at" timestamp NOT NULL)[0m
  [1m[36mActiveRecord::InternalMetadata Load (0.3ms)[0m  [1m[34mSELECT  "ar_internal_metadata".* FROM "ar_internal_metadata" WHERE "ar_internal_metadata"."key" = $1 LIMIT $2[0m  [["key", "environment"], ["LIMIT", 1]]
  [1m[35m (0.1ms)[0m  [1m[35mBEGIN[0m
  [1m[35mSQL (0.4ms)[0m  [1m[32mINSERT INTO "ar_internal_metadata" ("key", "value", "created_at", "updated_at") VALUES ($1, $2, $3, $4) RETURNING "key"[0m  [["key", "environment"], ["value", "development"], ["created_at", "2018-03-14 00:09:57.116325"], ["updated_at", "2018-03-14 00:09:57.116325"]]
  [1m[35m (1.2ms)[0m  [1m[35mCOMMIT[0m
  [1m[36mActiveRecord::InternalMetadata Load (0.2ms)[0m  [1m[34mSELECT  "ar_internal_metadata".* FROM "ar_internal_metadata" WHERE "ar_internal_metadata"."key" = $1 LIMIT $2[0m  [["key", "environment"], ["LIMIT", 1]]
  [1m[35m (0.1ms)[0m  [1m[35mBEGIN[0m
  [1m[35mSQL (0.3ms)[0m  [1m[33mUPDATE "ar_internal_metadata" SET "value" = $1, "updated_at" = $2 WHERE "ar_internal_metadata"."key" = $3[0m  [["value", "test"], ["updated_at", "2018-03-14 00:09:57.120607"], ["key", "environment"]]
  [1m[35m (2.1ms)[0m  [1m[35mCOMMIT[0m
  [1m[35m (1.1ms)[0m  [1m[34mSELECT "schema_migrations"."version" FROM "schema_migrations" ORDER BY "schema_migrations"."version" ASC[0m
  [1m[35m (0.2ms)[0m  [1m[35mBEGIN[0m
  [1m[36mUser Exists (0.7ms)[0m  [1m[34mSELECT  1 AS one FROM "users" WHERE "users"."username" = $1 LIMIT $2[0m  [["username", "ark"], ["LIMIT", 1]]
  [1m[35mSQL (0.5ms)[0m  [1m[32mINSERT INTO "users" ("username", "password_digest", "created_at", "updated_at") VALUES ($1, $2, $3, $4) RETURNING "id"[0m  [["username", "ark"], ["password_digest", "$2a$10$nqj.n6HM1OQHoy6hD8l2IOWT4egkWr9WJLwaspwK1U6Qt6Ylg5MVy"], ["created_at", "2018-03-14 00:09:57.175422"], ["updated_at", "2018-03-14 00:09:57.175422"]]
  [1m[35m (6.3ms)[0m  [1m[35mCOMMIT[0m
  [1m[35m (0.2ms)[0m  [1m[35mBEGIN[0m
  [1m[35mSQL (0.9ms)[0m  [1m[32mINSERT INTO "prescriptions" ("user_id", "name", "dose", "count_goal", "recurring_period", "taken", "last_taken", "goal_is_met", "start_date", "end_date", "notes", "created_at", "updated_at") VALUES ($1, $2, $3, $4, $5, $6, $7, $8, $9, $10, $11, $12, $13) RETURNING "id"[0m  [["user_id", 1], ["name", "Prednisone"], ["dose", "5mg"], ["count_goal", 1], ["recurring_period", "daily"], ["taken", 0], ["last_taken", "2018-03-14 00:09:57.194975"], ["goal_is_met", "f"], ["start_date", "2018-03-13"], ["end_date", "2018-03-15"], ["notes", "Makes you hungry!"], ["created_at", "2018-03-14 00:09:57.223388"], ["updated_at", "2018-03-14 00:09:57.223388"]]
  [1m[35m (6.1ms)[0m  [1m[35mCOMMIT[0m
Started POST "/users/login" for 127.0.0.1 at 2018-03-13 20:15:05 -0400
  [1m[35m (7.1ms)[0m  [1m[34mSELECT "schema_migrations"."version" FROM "schema_migrations" ORDER BY "schema_migrations"."version" ASC[0m
Processing by UsersController#login as HTML
  Parameters: {"username"=>"ark", "password"=>"[FILTERED]", "user"=>{"username"=>"ark"}}
  [1m[36mUser Load (0.4ms)[0m  [1m[34mSELECT  "users".* FROM "users" WHERE "users"."username" = $1 LIMIT $2[0m  [["username", "ark"], ["LIMIT", 1]]
Completed 200 OK in 101ms (Views: 1.2ms | ActiveRecord: 5.6ms)


Started POST "/users/login" for 127.0.0.1 at 2018-03-13 20:16:45 -0400
Processing by UsersController#login as HTML
  Parameters: {"username"=>"ark", "password"=>"[FILTERED]", "user"=>{"username"=>"ark"}}
  [1m[36mUser Load (1.2ms)[0m  [1m[34mSELECT  "users".* FROM "users" WHERE "users"."username" = $1 LIMIT $2[0m  [["username", "ark"], ["LIMIT", 1]]
Completed 200 OK in 122ms (Views: 0.5ms | ActiveRecord: 14.5ms)


Started POST "/users/login" for 127.0.0.1 at 2018-03-13 20:17:33 -0400
Processing by UsersController#login as HTML
  Parameters: {"username"=>"ark", "password"=>"[FILTERED]", "user"=>{"username"=>"ark"}}
  [1m[36mUser Load (0.4ms)[0m  [1m[34mSELECT  "users".* FROM "users" WHERE "users"."username" = $1 LIMIT $2[0m  [["username", "ark"], ["LIMIT", 1]]
Completed 200 OK in 83ms (Views: 0.5ms | ActiveRecord: 0.4ms)


Started GET "/isLoggedIn" for 127.0.0.1 at 2018-03-16 05:14:47 -0400
Started GET "/prescriptions" for 127.0.0.1 at 2018-03-16 05:14:47 -0400
  [1m[35m (4.2ms)[0m  [1m[34mSELECT "schema_migrations"."version" FROM "schema_migrations" ORDER BY "schema_migrations"."version" ASC[0m
  [1m[35m (4.0ms)[0m  [1m[34mSELECT "schema_migrations"."version" FROM "schema_migrations" ORDER BY "schema_migrations"."version" ASC[0m
Processing by UsersController#is_logged_in as HTML
Processing by PrescriptionsController#index as HTML
  [1m[36mUser Load (8.0ms)[0m  [1m[34mSELECT  "users".* FROM "users" WHERE "users"."id" = $1 LIMIT $2[0m  [["id", 1], ["LIMIT", 1]]
  [1m[36mUser Load (14.3ms)[0m  [1m[34mSELECT  "users".* FROM "users" WHERE "users"."id" = $1 LIMIT $2[0m  [["id", 1], ["LIMIT", 1]]
Completed 200 OK in 65ms (Views: 0.6ms | ActiveRecord: 25.5ms)


  [1m[36mPrescription Load (11.8ms)[0m  [1m[34mSELECT "prescriptions".* FROM "prescriptions" WHERE "prescriptions"."user_id" = $1[0m  [["user_id", 1]]
Completed 200 OK in 166ms (Views: 42.4ms | ActiveRecord: 55.8ms)


Started POST "/users/login" for 127.0.0.1 at 2018-03-16 05:15:00 -0400
Processing by UsersController#login as HTML
  Parameters: {"username"=>"ark", "password"=>"[FILTERED]", "user"=>{"username"=>"ark"}}
  [1m[36mUser Load (1.8ms)[0m  [1m[34mSELECT  "users".* FROM "users" WHERE "users"."username" = $1 LIMIT $2[0m  [["username", "ark"], ["LIMIT", 1]]
  [1m[36mPrescription Load (0.4ms)[0m  [1m[34mSELECT "prescriptions".* FROM "prescriptions" WHERE "prescriptions"."user_id" = $1[0m  [["user_id", 1]]
Completed 200 OK in 154ms (Views: 2.2ms | ActiveRecord: 11.7ms)


Started POST "/prescriptions" for 127.0.0.1 at 2018-03-16 05:15:20 -0400
Processing by PrescriptionsController#create as HTML
  Parameters: {"name"=>"Tylenol", "dose"=>"400mg", "count_goal"=>"4", "recurring_period"=>"daily", "start_date"=>"2018-03-22T04:00:00.000Z", "end_date"=>"2019-03-22T04:00:00.000Z", "notes"=>"Take with plenty of water.", "taken"=>0, "goal_is_met"=>false, "prescription"=>{"name"=>"Tylenol", "dose"=>"400mg", "count_goal"=>"4", "recurring_period"=>"daily", "taken"=>0, "goal_is_met"=>false, "start_date"=>"2018-03-22T04:00:00.000Z", "end_date"=>"2019-03-22T04:00:00.000Z", "notes"=>"Take with plenty of water."}}
  [1m[36mUser Load (0.5ms)[0m  [1m[34mSELECT  "users".* FROM "users" WHERE "users"."id" = $1 LIMIT $2[0m  [["id", 1], ["LIMIT", 1]]
  [1m[35m (3.7ms)[0m  [1m[35mBEGIN[0m
  [1m[35mSQL (25.3ms)[0m  [1m[32mINSERT INTO "prescriptions" ("user_id", "name", "dose", "count_goal", "recurring_period", "taken", "goal_is_met", "start_date", "end_date", "notes", "created_at", "updated_at") VALUES ($1, $2, $3, $4, $5, $6, $7, $8, $9, $10, $11, $12) RETURNING "id"[0m  [["user_id", 1], ["name", "Tylenol"], ["dose", "400mg"], ["count_goal", 4], ["recurring_period", "daily"], ["taken", 0], ["goal_is_met", "f"], ["start_date", "2018-03-22"], ["end_date", "2019-03-22"], ["notes", "Take with plenty of water."], ["created_at", "2018-03-16 09:15:20.641281"], ["updated_at", "2018-03-16 09:15:20.641281"]]
  [1m[35m (71.9ms)[0m  [1m[35mCOMMIT[0m
Completed 200 OK in 116ms (Views: 1.2ms | ActiveRecord: 101.4ms)


Started GET "/isLoggedIn" for 127.0.0.1 at 2018-03-16 09:36:31 -0400
Started GET "/prescriptions" for 127.0.0.1 at 2018-03-16 09:36:31 -0400
  [1m[35m (1.3ms)[0m  [1m[34mSELECT "schema_migrations"."version" FROM "schema_migrations" ORDER BY "schema_migrations"."version" ASC[0m
Processing by UsersController#is_logged_in as HTML
Completed 401 Unauthorized in 0ms (Views: 0.1ms | ActiveRecord: 0.0ms)


  [1m[35m (13.1ms)[0m  [1m[34mSELECT "schema_migrations"."version" FROM "schema_migrations" ORDER BY "schema_migrations"."version" ASC[0m
Processing by PrescriptionsController#index as HTML
Filter chain halted as :ensure_signed_in rendered or redirected
Completed 401 Unauthorized in 0ms (Views: 0.1ms | ActiveRecord: 0.0ms)


Started POST "/users/login" for 127.0.0.1 at 2018-03-16 09:36:40 -0400
Processing by UsersController#login as HTML
  Parameters: {"username"=>"ark", "password"=>"[FILTERED]", "user"=>{"username"=>"ark"}}
  [1m[36mUser Load (1.0ms)[0m  [1m[34mSELECT  "users".* FROM "users" WHERE "users"."username" = $1 LIMIT $2[0m  [["username", "ark"], ["LIMIT", 1]]
  [1m[36mPrescription Load (6.0ms)[0m  [1m[34mSELECT "prescriptions".* FROM "prescriptions" WHERE "prescriptions"."user_id" = $1[0m  [["user_id", 1]]
Completed 200 OK in 132ms (Views: 23.9ms | ActiveRecord: 37.0ms)


Started DELETE "/prescriptions/25" for 127.0.0.1 at 2018-03-16 09:37:19 -0400
Processing by PrescriptionsController#destroy as HTML
  Parameters: {"id"=>"25"}
  [1m[36mUser Load (0.4ms)[0m  [1m[34mSELECT  "users".* FROM "users" WHERE "users"."id" = $1 LIMIT $2[0m  [["id", 1], ["LIMIT", 1]]
  [1m[36mPrescription Load (0.3ms)[0m  [1m[34mSELECT  "prescriptions".* FROM "prescriptions" WHERE "prescriptions"."id" = $1 LIMIT $2[0m  [["id", 25], ["LIMIT", 1]]
  [1m[35m (0.4ms)[0m  [1m[35mBEGIN[0m
  [1m[35mSQL (2.8ms)[0m  [1m[31mDELETE FROM "prescriptions" WHERE "prescriptions"."id" = $1[0m  [["id", 25]]
  [1m[35m (1.3ms)[0m  [1m[35mCOMMIT[0m
Completed 200 OK in 11ms (Views: 0.1ms | ActiveRecord: 5.2ms)


Started GET "/prescriptions" for 127.0.0.1 at 2018-03-16 09:37:19 -0400
Processing by PrescriptionsController#index as HTML
  [1m[36mUser Load (0.3ms)[0m  [1m[34mSELECT  "users".* FROM "users" WHERE "users"."id" = $1 LIMIT $2[0m  [["id", 1], ["LIMIT", 1]]
  [1m[36mPrescription Load (0.3ms)[0m  [1m[34mSELECT "prescriptions".* FROM "prescriptions" WHERE "prescriptions"."user_id" = $1[0m  [["user_id", 1]]
Completed 200 OK in 4ms (Views: 2.3ms | ActiveRecord: 0.5ms)


Started DELETE "/prescriptions/30" for 127.0.0.1 at 2018-03-16 09:37:26 -0400
Processing by PrescriptionsController#destroy as HTML
  Parameters: {"id"=>"30"}
  [1m[36mUser Load (0.6ms)[0m  [1m[34mSELECT  "users".* FROM "users" WHERE "users"."id" = $1 LIMIT $2[0m  [["id", 1], ["LIMIT", 1]]
  [1m[36mPrescription Load (0.7ms)[0m  [1m[34mSELECT  "prescriptions".* FROM "prescriptions" WHERE "prescriptions"."id" = $1 LIMIT $2[0m  [["id", 30], ["LIMIT", 1]]
  [1m[35m (0.1ms)[0m  [1m[35mBEGIN[0m
  [1m[35mSQL (0.5ms)[0m  [1m[31mDELETE FROM "prescriptions" WHERE "prescriptions"."id" = $1[0m  [["id", 30]]
  [1m[35m (4.8ms)[0m  [1m[35mCOMMIT[0m
Completed 200 OK in 11ms (Views: 0.1ms | ActiveRecord: 7.0ms)


Started GET "/prescriptions" for 127.0.0.1 at 2018-03-16 09:37:26 -0400
Processing by PrescriptionsController#index as HTML
  [1m[36mUser Load (0.2ms)[0m  [1m[34mSELECT  "users".* FROM "users" WHERE "users"."id" = $1 LIMIT $2[0m  [["id", 1], ["LIMIT", 1]]
  [1m[36mPrescription Load (0.4ms)[0m  [1m[34mSELECT "prescriptions".* FROM "prescriptions" WHERE "prescriptions"."user_id" = $1[0m  [["user_id", 1]]
Completed 200 OK in 4ms (Views: 2.4ms | ActiveRecord: 0.6ms)


Started DELETE "/prescriptions/29" for 127.0.0.1 at 2018-03-16 09:37:29 -0400
Processing by PrescriptionsController#destroy as HTML
  Parameters: {"id"=>"29"}
  [1m[36mUser Load (0.6ms)[0m  [1m[34mSELECT  "users".* FROM "users" WHERE "users"."id" = $1 LIMIT $2[0m  [["id", 1], ["LIMIT", 1]]
  [1m[36mPrescription Load (0.5ms)[0m  [1m[34mSELECT  "prescriptions".* FROM "prescriptions" WHERE "prescriptions"."id" = $1 LIMIT $2[0m  [["id", 29], ["LIMIT", 1]]
  [1m[35m (0.1ms)[0m  [1m[35mBEGIN[0m
  [1m[35mSQL (0.3ms)[0m  [1m[31mDELETE FROM "prescriptions" WHERE "prescriptions"."id" = $1[0m  [["id", 29]]
  [1m[35m (0.3ms)[0m  [1m[35mCOMMIT[0m
Completed 200 OK in 6ms (Views: 0.1ms | ActiveRecord: 2.1ms)


Started GET "/prescriptions" for 127.0.0.1 at 2018-03-16 09:37:29 -0400
Processing by PrescriptionsController#index as HTML
  [1m[36mUser Load (0.2ms)[0m  [1m[34mSELECT  "users".* FROM "users" WHERE "users"."id" = $1 LIMIT $2[0m  [["id", 1], ["LIMIT", 1]]
  [1m[36mPrescription Load (0.3ms)[0m  [1m[34mSELECT "prescriptions".* FROM "prescriptions" WHERE "prescriptions"."user_id" = $1[0m  [["user_id", 1]]
Completed 200 OK in 4ms (Views: 2.1ms | ActiveRecord: 0.5ms)


Started POST "/prescriptions" for 127.0.0.1 at 2018-03-16 09:37:56 -0400
Processing by PrescriptionsController#create as HTML
  Parameters: {"name"=>"New Pill", "dose"=>"5mg", "count_goal"=>"6", "recurring_period"=>"daily", "start_date"=>"2018-03-21T04:00:00.000Z", "end_date"=>"2019-03-22T04:00:00.000Z", "notes"=>"notes notes", "taken"=>0, "goal_is_met"=>false, "prescription"=>{"name"=>"New Pill", "dose"=>"5mg", "count_goal"=>"6", "recurring_period"=>"daily", "taken"=>0, "goal_is_met"=>false, "start_date"=>"2018-03-21T04:00:00.000Z", "end_date"=>"2019-03-22T04:00:00.000Z", "notes"=>"notes notes"}}
  [1m[36mUser Load (0.4ms)[0m  [1m[34mSELECT  "users".* FROM "users" WHERE "users"."id" = $1 LIMIT $2[0m  [["id", 1], ["LIMIT", 1]]
  [1m[35m (0.1ms)[0m  [1m[35mBEGIN[0m
  [1m[35mSQL (2.2ms)[0m  [1m[32mINSERT INTO "prescriptions" ("user_id", "name", "dose", "count_goal", "recurring_period", "taken", "goal_is_met", "start_date", "end_date", "notes", "created_at", "updated_at") VALUES ($1, $2, $3, $4, $5, $6, $7, $8, $9, $10, $11, $12) RETURNING "id"[0m  [["user_id", 1], ["name", "New Pill"], ["dose", "5mg"], ["count_goal", 6], ["recurring_period", "daily"], ["taken", 0], ["goal_is_met", "f"], ["start_date", "2018-03-21"], ["end_date", "2019-03-22"], ["notes", "notes notes"], ["created_at", "2018-03-16 13:37:56.618334"], ["updated_at", "2018-03-16 13:37:56.618334"]]
  [1m[35m (0.3ms)[0m  [1m[35mCOMMIT[0m
Completed 200 OK in 10ms (Views: 0.7ms | ActiveRecord: 3.0ms)


Started PUT "/prescriptions/31" for 127.0.0.1 at 2018-03-16 09:38:21 -0400
Processing by PrescriptionsController#update as HTML
  Parameters: {"name"=>"New Pill", "dose"=>"5mg", "count_goal"=>6, "recurring_period"=>"daily", "start_date"=>"2118-03-21T04:00:00.000Z", "end_date"=>"2119-03-22T04:00:00.000Z", "notes"=>"notes notes", "taken"=>0, "goal_is_met"=>false, "id"=>"31", "prescription"=>{"name"=>"New Pill", "dose"=>"5mg", "count_goal"=>6, "recurring_period"=>"daily", "taken"=>0, "goal_is_met"=>false, "start_date"=>"2118-03-21T04:00:00.000Z", "end_date"=>"2119-03-22T04:00:00.000Z", "notes"=>"notes notes"}}
  [1m[36mUser Load (0.3ms)[0m  [1m[34mSELECT  "users".* FROM "users" WHERE "users"."id" = $1 LIMIT $2[0m  [["id", 1], ["LIMIT", 1]]
  [1m[36mPrescription Load (0.6ms)[0m  [1m[34mSELECT  "prescriptions".* FROM "prescriptions" WHERE "prescriptions"."id" = $1 LIMIT $2[0m  [["id", 31], ["LIMIT", 1]]
  [1m[35m (0.1ms)[0m  [1m[35mBEGIN[0m
  [1m[36mCACHE User Load (0.0ms)[0m  [1m[34mSELECT  "users".* FROM "users" WHERE "users"."id" = $1 LIMIT $2[0m  [["id", 1], ["LIMIT", 1]]
  [1m[35mSQL (0.5ms)[0m  [1m[33mUPDATE "prescriptions" SET "start_date" = $1, "end_date" = $2, "updated_at" = $3 WHERE "prescriptions"."id" = $4[0m  [["start_date", "2118-03-21"], ["end_date", "2119-03-22"], ["updated_at", "2018-03-16 13:38:21.464697"], ["id", 31]]
  [1m[35m (0.4ms)[0m  [1m[35mCOMMIT[0m
  [1m[36mPrescription Load (0.3ms)[0m  [1m[34mSELECT "prescriptions".* FROM "prescriptions" WHERE "prescriptions"."user_id" = $1[0m  [["user_id", 1]]
Completed 200 OK in 13ms (Views: 3.4ms | ActiveRecord: 2.2ms)


Started GET "/prescriptions/31/takePill" for 127.0.0.1 at 2018-03-16 09:38:31 -0400
Processing by PrescriptionsController#take_pill as HTML
  Parameters: {"id"=>"31"}
  [1m[36mUser Load (0.5ms)[0m  [1m[34mSELECT  "users".* FROM "users" WHERE "users"."id" = $1 LIMIT $2[0m  [["id", 1], ["LIMIT", 1]]
  [1m[36mPrescription Load (0.4ms)[0m  [1m[34mSELECT  "prescriptions".* FROM "prescriptions" WHERE "prescriptions"."id" = $1 LIMIT $2[0m  [["id", 31], ["LIMIT", 1]]
  [1m[35m (0.2ms)[0m  [1m[35mBEGIN[0m
  [1m[36mCACHE User Load (0.0ms)[0m  [1m[34mSELECT  "users".* FROM "users" WHERE "users"."id" = $1 LIMIT $2[0m  [["id", 1], ["LIMIT", 1]]
  [1m[35mSQL (0.4ms)[0m  [1m[33mUPDATE "prescriptions" SET "taken" = $1, "last_taken" = $2, "updated_at" = $3 WHERE "prescriptions"."id" = $4[0m  [["taken", 1], ["last_taken", "2018-03-16 13:38:31.779089"], ["updated_at", "2018-03-16 13:38:31.780413"], ["id", 31]]
  [1m[35m (1.9ms)[0m  [1m[35mCOMMIT[0m
  [1m[36mPrescription Load (0.2ms)[0m  [1m[34mSELECT "prescriptions".* FROM "prescriptions" WHERE "prescriptions"."user_id" = $1[0m  [["user_id", 1]]
Completed 200 OK in 10ms (Views: 1.8ms | ActiveRecord: 3.6ms)


Started GET "/prescriptions/31/takePill" for 127.0.0.1 at 2018-03-16 09:38:32 -0400
Processing by PrescriptionsController#take_pill as HTML
  Parameters: {"id"=>"31"}
  [1m[36mUser Load (0.2ms)[0m  [1m[34mSELECT  "users".* FROM "users" WHERE "users"."id" = $1 LIMIT $2[0m  [["id", 1], ["LIMIT", 1]]
  [1m[36mPrescription Load (0.2ms)[0m  [1m[34mSELECT  "prescriptions".* FROM "prescriptions" WHERE "prescriptions"."id" = $1 LIMIT $2[0m  [["id", 31], ["LIMIT", 1]]
  [1m[35m (0.1ms)[0m  [1m[35mBEGIN[0m
  [1m[36mCACHE User Load (0.0ms)[0m  [1m[34mSELECT  "users".* FROM "users" WHERE "users"."id" = $1 LIMIT $2[0m  [["id", 1], ["LIMIT", 1]]
  [1m[35mSQL (2.5ms)[0m  [1m[33mUPDATE "prescriptions" SET "taken" = $1, "last_taken" = $2, "updated_at" = $3 WHERE "prescriptions"."id" = $4[0m  [["taken", 2], ["last_taken", "2018-03-16 13:38:32.173927"], ["updated_at", "2018-03-16 13:38:32.179390"], ["id", 31]]
  [1m[35m (0.3ms)[0m  [1m[35mCOMMIT[0m
  [1m[36mPrescription Load (0.2ms)[0m  [1m[34mSELECT "prescriptions".* FROM "prescriptions" WHERE "prescriptions"."user_id" = $1[0m  [["user_id", 1]]
Completed 200 OK in 13ms (Views: 1.7ms | ActiveRecord: 3.6ms)


Started GET "/prescriptions/31/takePill" for 127.0.0.1 at 2018-03-16 09:38:33 -0400
Processing by PrescriptionsController#take_pill as HTML
  Parameters: {"id"=>"31"}
  [1m[36mUser Load (0.2ms)[0m  [1m[34mSELECT  "users".* FROM "users" WHERE "users"."id" = $1 LIMIT $2[0m  [["id", 1], ["LIMIT", 1]]
  [1m[36mPrescription Load (0.2ms)[0m  [1m[34mSELECT  "prescriptions".* FROM "prescriptions" WHERE "prescriptions"."id" = $1 LIMIT $2[0m  [["id", 31], ["LIMIT", 1]]
  [1m[35m (0.1ms)[0m  [1m[35mBEGIN[0m
  [1m[36mCACHE User Load (0.0ms)[0m  [1m[34mSELECT  "users".* FROM "users" WHERE "users"."id" = $1 LIMIT $2[0m  [["id", 1], ["LIMIT", 1]]
  [1m[35mSQL (0.3ms)[0m  [1m[33mUPDATE "prescriptions" SET "taken" = $1, "last_taken" = $2, "updated_at" = $3 WHERE "prescriptions"."id" = $4[0m  [["taken", 3], ["last_taken", "2018-03-16 13:38:33.341814"], ["updated_at", "2018-03-16 13:38:33.343323"], ["id", 31]]
  [1m[35m (1.9ms)[0m  [1m[35mCOMMIT[0m
  [1m[36mPrescription Load (0.2ms)[0m  [1m[34mSELECT "prescriptions".* FROM "prescriptions" WHERE "prescriptions"."user_id" = $1[0m  [["user_id", 1]]
Completed 200 OK in 9ms (Views: 1.8ms | ActiveRecord: 3.0ms)


Started GET "/prescriptions/31/takePill" for 127.0.0.1 at 2018-03-16 09:38:34 -0400
Processing by PrescriptionsController#take_pill as HTML
  Parameters: {"id"=>"31"}
  [1m[36mUser Load (0.3ms)[0m  [1m[34mSELECT  "users".* FROM "users" WHERE "users"."id" = $1 LIMIT $2[0m  [["id", 1], ["LIMIT", 1]]
  [1m[36mPrescription Load (0.2ms)[0m  [1m[34mSELECT  "prescriptions".* FROM "prescriptions" WHERE "prescriptions"."id" = $1 LIMIT $2[0m  [["id", 31], ["LIMIT", 1]]
  [1m[35m (0.1ms)[0m  [1m[35mBEGIN[0m
  [1m[36mCACHE User Load (0.0ms)[0m  [1m[34mSELECT  "users".* FROM "users" WHERE "users"."id" = $1 LIMIT $2[0m  [["id", 1], ["LIMIT", 1]]
  [1m[35mSQL (0.3ms)[0m  [1m[33mUPDATE "prescriptions" SET "taken" = $1, "last_taken" = $2, "updated_at" = $3 WHERE "prescriptions"."id" = $4[0m  [["taken", 4], ["last_taken", "2018-03-16 13:38:34.287646"], ["updated_at", "2018-03-16 13:38:34.288759"], ["id", 31]]
  [1m[35m (2.0ms)[0m  [1m[35mCOMMIT[0m
  [1m[36mPrescription Load (0.2ms)[0m  [1m[34mSELECT "prescriptions".* FROM "prescriptions" WHERE "prescriptions"."user_id" = $1[0m  [["user_id", 1]]
Completed 200 OK in 8ms (Views: 2.0ms | ActiveRecord: 3.1ms)


Started GET "/isLoggedIn" for 127.0.0.1 at 2018-03-16 09:39:54 -0400
Started GET "/prescriptions" for 127.0.0.1 at 2018-03-16 09:39:54 -0400
Processing by UsersController#is_logged_in as HTML
Processing by PrescriptionsController#index as HTML
  [1m[36mUser Load (0.4ms)[0m  [1m[34mSELECT  "users".* FROM "users" WHERE "users"."id" = $1 LIMIT $2[0m  [["id", 1], ["LIMIT", 1]]
Completed 200 OK in 3ms (Views: 0.4ms | ActiveRecord: 0.4ms)


  [1m[36mUser Load (0.3ms)[0m  [1m[34mSELECT  "users".* FROM "users" WHERE "users"."id" = $1 LIMIT $2[0m  [["id", 1], ["LIMIT", 1]]
  [1m[36mPrescription Load (0.2ms)[0m  [1m[34mSELECT "prescriptions".* FROM "prescriptions" WHERE "prescriptions"."user_id" = $1[0m  [["user_id", 1]]
Completed 200 OK in 5ms (Views: 2.9ms | ActiveRecord: 0.5ms)


Started GET "/isLoggedIn" for 127.0.0.1 at 2018-03-16 09:40:05 -0400
Started GET "/prescriptions" for 127.0.0.1 at 2018-03-16 09:40:05 -0400
Processing by UsersController#is_logged_in as HTML
Processing by PrescriptionsController#index as HTML
  [1m[36mUser Load (0.6ms)[0m  [1m[34mSELECT  "users".* FROM "users" WHERE "users"."id" = $1 LIMIT $2[0m  [["id", 1], ["LIMIT", 1]]
Completed 200 OK in 3ms (Views: 0.6ms | ActiveRecord: 0.6ms)


  [1m[36mUser Load (1.1ms)[0m  [1m[34mSELECT  "users".* FROM "users" WHERE "users"."id" = $1 LIMIT $2[0m  [["id", 1], ["LIMIT", 1]]
  [1m[36mPrescription Load (1.0ms)[0m  [1m[34mSELECT "prescriptions".* FROM "prescriptions" WHERE "prescriptions"."user_id" = $1[0m  [["user_id", 1]]
Completed 200 OK in 7ms (Views: 2.7ms | ActiveRecord: 2.1ms)


Started GET "/isLoggedIn" for 127.0.0.1 at 2018-03-16 09:42:22 -0400
Started GET "/prescriptions" for 127.0.0.1 at 2018-03-16 09:42:22 -0400
Processing by UsersController#is_logged_in as HTML
Processing by PrescriptionsController#index as HTML
  [1m[36mUser Load (0.6ms)[0m  [1m[34mSELECT  "users".* FROM "users" WHERE "users"."id" = $1 LIMIT $2[0m  [["id", 1], ["LIMIT", 1]]
Completed 200 OK in 3ms (Views: 0.3ms | ActiveRecord: 0.6ms)


  [1m[36mUser Load (0.2ms)[0m  [1m[34mSELECT  "users".* FROM "users" WHERE "users"."id" = $1 LIMIT $2[0m  [["id", 1], ["LIMIT", 1]]
  [1m[36mPrescription Load (0.2ms)[0m  [1m[34mSELECT "prescriptions".* FROM "prescriptions" WHERE "prescriptions"."user_id" = $1[0m  [["user_id", 1]]
Completed 200 OK in 5ms (Views: 2.3ms | ActiveRecord: 0.5ms)


Started GET "/prescriptions" for 127.0.0.1 at 2018-03-16 09:43:05 -0400
Processing by PrescriptionsController#index as HTML
  [1m[36mUser Load (0.2ms)[0m  [1m[34mSELECT  "users".* FROM "users" WHERE "users"."id" = $1 LIMIT $2[0m  [["id", 1], ["LIMIT", 1]]
  [1m[36mPrescription Load (0.4ms)[0m  [1m[34mSELECT "prescriptions".* FROM "prescriptions" WHERE "prescriptions"."user_id" = $1[0m  [["user_id", 1]]
Completed 200 OK in 6ms (Views: 3.0ms | ActiveRecord: 0.6ms)


Started GET "/isLoggedIn" for 127.0.0.1 at 2018-03-16 09:43:05 -0400
Processing by UsersController#is_logged_in as HTML
  [1m[36mUser Load (0.4ms)[0m  [1m[34mSELECT  "users".* FROM "users" WHERE "users"."id" = $1 LIMIT $2[0m  [["id", 1], ["LIMIT", 1]]
Completed 200 OK in 14ms (Views: 0.4ms | ActiveRecord: 0.4ms)


Started POST "/prescriptions" for 127.0.0.1 at 2018-03-16 09:43:25 -0400
Processing by PrescriptionsController#create as HTML
  Parameters: {"name"=>"Fluids", "dose"=>"50ml", "count_goal"=>"2", "recurring_period"=>"daily", "start_date"=>"2018-03-12T04:00:00.000Z", "end_date"=>"2019-03-12T04:00:00.000Z", "notes"=>"notes asdf", "taken"=>0, "goal_is_met"=>false, "prescription"=>{"name"=>"Fluids", "dose"=>"50ml", "count_goal"=>"2", "recurring_period"=>"daily", "taken"=>0, "goal_is_met"=>false, "start_date"=>"2018-03-12T04:00:00.000Z", "end_date"=>"2019-03-12T04:00:00.000Z", "notes"=>"notes asdf"}}
  [1m[36mUser Load (2.2ms)[0m  [1m[34mSELECT  "users".* FROM "users" WHERE "users"."id" = $1 LIMIT $2[0m  [["id", 1], ["LIMIT", 1]]
  [1m[35m (0.2ms)[0m  [1m[35mBEGIN[0m
  [1m[35mSQL (1.4ms)[0m  [1m[32mINSERT INTO "prescriptions" ("user_id", "name", "dose", "count_goal", "recurring_period", "taken", "goal_is_met", "start_date", "end_date", "notes", "created_at", "updated_at") VALUES ($1, $2, $3, $4, $5, $6, $7, $8, $9, $10, $11, $12) RETURNING "id"[0m  [["user_id", 1], ["name", "Fluids"], ["dose", "50ml"], ["count_goal", 2], ["recurring_period", "daily"], ["taken", 0], ["goal_is_met", "f"], ["start_date", "2018-03-12"], ["end_date", "2019-03-12"], ["notes", "notes asdf"], ["created_at", "2018-03-16 13:43:25.413714"], ["updated_at", "2018-03-16 13:43:25.413714"]]
  [1m[35m (4.9ms)[0m  [1m[35mCOMMIT[0m
Completed 200 OK in 15ms (Views: 0.6ms | ActiveRecord: 8.6ms)


Started GET "/isLoggedIn" for 127.0.0.1 at 2018-03-16 09:43:56 -0400
Started GET "/prescriptions" for 127.0.0.1 at 2018-03-16 09:43:56 -0400
Processing by UsersController#is_logged_in as HTML
Processing by PrescriptionsController#index as HTML
  [1m[36mUser Load (0.2ms)[0m  [1m[34mSELECT  "users".* FROM "users" WHERE "users"."id" = $1 LIMIT $2[0m  [["id", 1], ["LIMIT", 1]]
Completed 200 OK in 2ms (Views: 0.5ms | ActiveRecord: 0.2ms)


  [1m[36mUser Load (1.1ms)[0m  [1m[34mSELECT  "users".* FROM "users" WHERE "users"."id" = $1 LIMIT $2[0m  [["id", 1], ["LIMIT", 1]]
  [1m[36mPrescription Load (0.4ms)[0m  [1m[34mSELECT "prescriptions".* FROM "prescriptions" WHERE "prescriptions"."user_id" = $1[0m  [["user_id", 1]]
Completed 200 OK in 6ms (Views: 3.2ms | ActiveRecord: 1.5ms)


Started GET "/isLoggedIn" for 127.0.0.1 at 2018-03-16 09:45:08 -0400
Started GET "/prescriptions" for 127.0.0.1 at 2018-03-16 09:45:08 -0400
Processing by UsersController#is_logged_in as HTML
Processing by PrescriptionsController#index as HTML
  [1m[36mUser Load (0.2ms)[0m  [1m[34mSELECT  "users".* FROM "users" WHERE "users"."id" = $1 LIMIT $2[0m  [["id", 1], ["LIMIT", 1]]
Completed 200 OK in 2ms (Views: 0.4ms | ActiveRecord: 0.2ms)


  [1m[36mUser Load (0.9ms)[0m  [1m[34mSELECT  "users".* FROM "users" WHERE "users"."id" = $1 LIMIT $2[0m  [["id", 1], ["LIMIT", 1]]
  [1m[36mPrescription Load (0.2ms)[0m  [1m[34mSELECT "prescriptions".* FROM "prescriptions" WHERE "prescriptions"."user_id" = $1[0m  [["user_id", 1]]
Completed 200 OK in 6ms (Views: 3.0ms | ActiveRecord: 1.2ms)


Started GET "/isLoggedIn" for 127.0.0.1 at 2018-03-16 09:45:26 -0400
Started GET "/prescriptions" for 127.0.0.1 at 2018-03-16 09:45:26 -0400
Processing by UsersController#is_logged_in as HTML
Processing by PrescriptionsController#index as HTML
  [1m[36mUser Load (0.5ms)[0m  [1m[34mSELECT  "users".* FROM "users" WHERE "users"."id" = $1 LIMIT $2[0m  [["id", 1], ["LIMIT", 1]]
Completed 200 OK in 3ms (Views: 0.5ms | ActiveRecord: 0.5ms)


  [1m[36mUser Load (0.9ms)[0m  [1m[34mSELECT  "users".* FROM "users" WHERE "users"."id" = $1 LIMIT $2[0m  [["id", 1], ["LIMIT", 1]]
  [1m[36mPrescription Load (0.4ms)[0m  [1m[34mSELECT "prescriptions".* FROM "prescriptions" WHERE "prescriptions"."user_id" = $1[0m  [["user_id", 1]]
Completed 200 OK in 6ms (Views: 2.8ms | ActiveRecord: 1.3ms)


Started GET "/prescriptions/32/takePill" for 127.0.0.1 at 2018-03-16 09:47:20 -0400
Processing by PrescriptionsController#take_pill as HTML
  Parameters: {"id"=>"32"}
  [1m[36mUser Load (0.3ms)[0m  [1m[34mSELECT  "users".* FROM "users" WHERE "users"."id" = $1 LIMIT $2[0m  [["id", 1], ["LIMIT", 1]]
  [1m[36mPrescription Load (0.4ms)[0m  [1m[34mSELECT  "prescriptions".* FROM "prescriptions" WHERE "prescriptions"."id" = $1 LIMIT $2[0m  [["id", 32], ["LIMIT", 1]]
  [1m[35m (0.2ms)[0m  [1m[35mBEGIN[0m
  [1m[36mCACHE User Load (0.0ms)[0m  [1m[34mSELECT  "users".* FROM "users" WHERE "users"."id" = $1 LIMIT $2[0m  [["id", 1], ["LIMIT", 1]]
  [1m[35mSQL (0.3ms)[0m  [1m[33mUPDATE "prescriptions" SET "taken" = $1, "last_taken" = $2, "updated_at" = $3 WHERE "prescriptions"."id" = $4[0m  [["taken", 1], ["last_taken", "2018-03-16 13:47:20.213897"], ["updated_at", "2018-03-16 13:47:20.215325"], ["id", 32]]
  [1m[35m (2.0ms)[0m  [1m[35mCOMMIT[0m
  [1m[36mPrescription Load (0.3ms)[0m  [1m[34mSELECT "prescriptions".* FROM "prescriptions" WHERE "prescriptions"."user_id" = $1[0m  [["user_id", 1]]
Completed 200 OK in 10ms (Views: 2.7ms | ActiveRecord: 3.3ms)


Started GET "/prescriptions/31/takePill" for 127.0.0.1 at 2018-03-16 09:54:25 -0400
Processing by PrescriptionsController#take_pill as HTML
  Parameters: {"id"=>"31"}
  [1m[36mUser Load (0.2ms)[0m  [1m[34mSELECT  "users".* FROM "users" WHERE "users"."id" = $1 LIMIT $2[0m  [["id", 1], ["LIMIT", 1]]
  [1m[36mPrescription Load (0.3ms)[0m  [1m[34mSELECT  "prescriptions".* FROM "prescriptions" WHERE "prescriptions"."id" = $1 LIMIT $2[0m  [["id", 31], ["LIMIT", 1]]
  [1m[35m (0.2ms)[0m  [1m[35mBEGIN[0m
  [1m[36mCACHE User Load (0.0ms)[0m  [1m[34mSELECT  "users".* FROM "users" WHERE "users"."id" = $1 LIMIT $2[0m  [["id", 1], ["LIMIT", 1]]
  [1m[35mSQL (0.4ms)[0m  [1m[33mUPDATE "prescriptions" SET "taken" = $1, "last_taken" = $2, "updated_at" = $3 WHERE "prescriptions"."id" = $4[0m  [["taken", 5], ["last_taken", "2018-03-16 13:54:25.231153"], ["updated_at", "2018-03-16 13:54:25.233824"], ["id", 31]]
  [1m[35m (1.9ms)[0m  [1m[35mCOMMIT[0m
  [1m[36mPrescription Load (0.3ms)[0m  [1m[34mSELECT "prescriptions".* FROM "prescriptions" WHERE "prescriptions"."user_id" = $1[0m  [["user_id", 1]]
Completed 200 OK in 43ms (Views: 2.4ms | ActiveRecord: 12.3ms)


Started GET "/prescriptions/32/takePill" for 127.0.0.1 at 2018-03-16 09:54:25 -0400
Processing by PrescriptionsController#take_pill as HTML
  Parameters: {"id"=>"32"}
  [1m[36mUser Load (0.3ms)[0m  [1m[34mSELECT  "users".* FROM "users" WHERE "users"."id" = $1 LIMIT $2[0m  [["id", 1], ["LIMIT", 1]]
  [1m[36mPrescription Load (0.4ms)[0m  [1m[34mSELECT  "prescriptions".* FROM "prescriptions" WHERE "prescriptions"."id" = $1 LIMIT $2[0m  [["id", 32], ["LIMIT", 1]]
  [1m[35m (0.1ms)[0m  [1m[35mBEGIN[0m
  [1m[36mCACHE User Load (0.0ms)[0m  [1m[34mSELECT  "users".* FROM "users" WHERE "users"."id" = $1 LIMIT $2[0m  [["id", 1], ["LIMIT", 1]]
  [1m[35mSQL (0.4ms)[0m  [1m[33mUPDATE "prescriptions" SET "taken" = $1, "goal_is_met" = $2, "last_taken" = $3, "updated_at" = $4 WHERE "prescriptions"."id" = $5[0m  [["taken", 2], ["goal_is_met", "t"], ["last_taken", "2018-03-16 13:54:25.902887"], ["updated_at", "2018-03-16 13:54:25.904618"], ["id", 32]]
  [1m[35m (1.9ms)[0m  [1m[35mCOMMIT[0m
  [1m[36mPrescription Load (0.3ms)[0m  [1m[34mSELECT "prescriptions".* FROM "prescriptions" WHERE "prescriptions"."user_id" = $1[0m  [["user_id", 1]]
Completed 200 OK in 11ms (Views: 2.5ms | ActiveRecord: 3.4ms)


Started GET "/prescriptions/31/takePill" for 127.0.0.1 at 2018-03-16 09:54:27 -0400
Processing by PrescriptionsController#take_pill as HTML
  Parameters: {"id"=>"31"}
  [1m[36mUser Load (0.2ms)[0m  [1m[34mSELECT  "users".* FROM "users" WHERE "users"."id" = $1 LIMIT $2[0m  [["id", 1], ["LIMIT", 1]]
  [1m[36mPrescription Load (0.3ms)[0m  [1m[34mSELECT  "prescriptions".* FROM "prescriptions" WHERE "prescriptions"."id" = $1 LIMIT $2[0m  [["id", 31], ["LIMIT", 1]]
  [1m[35m (0.1ms)[0m  [1m[35mBEGIN[0m
  [1m[36mCACHE User Load (0.0ms)[0m  [1m[34mSELECT  "users".* FROM "users" WHERE "users"."id" = $1 LIMIT $2[0m  [["id", 1], ["LIMIT", 1]]
  [1m[35mSQL (0.3ms)[0m  [1m[33mUPDATE "prescriptions" SET "taken" = $1, "goal_is_met" = $2, "last_taken" = $3, "updated_at" = $4 WHERE "prescriptions"."id" = $5[0m  [["taken", 6], ["goal_is_met", "t"], ["last_taken", "2018-03-16 13:54:27.757569"], ["updated_at", "2018-03-16 13:54:27.758804"], ["id", 31]]
  [1m[35m (2.0ms)[0m  [1m[35mCOMMIT[0m
  [1m[36mPrescription Load (0.2ms)[0m  [1m[34mSELECT "prescriptions".* FROM "prescriptions" WHERE "prescriptions"."user_id" = $1[0m  [["user_id", 1]]
Completed 200 OK in 9ms (Views: 1.7ms | ActiveRecord: 3.1ms)


Started GET "/prescriptions/32/takePill" for 127.0.0.1 at 2018-03-16 09:54:28 -0400
Processing by PrescriptionsController#take_pill as HTML
  Parameters: {"id"=>"32"}
  [1m[36mUser Load (0.2ms)[0m  [1m[34mSELECT  "users".* FROM "users" WHERE "users"."id" = $1 LIMIT $2[0m  [["id", 1], ["LIMIT", 1]]
  [1m[36mPrescription Load (0.2ms)[0m  [1m[34mSELECT  "prescriptions".* FROM "prescriptions" WHERE "prescriptions"."id" = $1 LIMIT $2[0m  [["id", 32], ["LIMIT", 1]]
  [1m[35m (0.1ms)[0m  [1m[35mBEGIN[0m
  [1m[36mCACHE User Load (0.0ms)[0m  [1m[34mSELECT  "users".* FROM "users" WHERE "users"."id" = $1 LIMIT $2[0m  [["id", 1], ["LIMIT", 1]]
  [1m[35mSQL (0.5ms)[0m  [1m[33mUPDATE "prescriptions" SET "last_taken" = $1, "updated_at" = $2 WHERE "prescriptions"."id" = $3[0m  [["last_taken", "2018-03-16 13:54:28.765018"], ["updated_at", "2018-03-16 13:54:28.766512"], ["id", 32]]
  [1m[35m (2.0ms)[0m  [1m[35mCOMMIT[0m
  [1m[36mPrescription Load (0.3ms)[0m  [1m[34mSELECT "prescriptions".* FROM "prescriptions" WHERE "prescriptions"."user_id" = $1[0m  [["user_id", 1]]
Completed 200 OK in 10ms (Views: 2.1ms | ActiveRecord: 3.4ms)


Started GET "/prescriptions/31/takePill" for 127.0.0.1 at 2018-03-16 09:54:29 -0400
Processing by PrescriptionsController#take_pill as HTML
  Parameters: {"id"=>"31"}
  [1m[36mUser Load (0.2ms)[0m  [1m[34mSELECT  "users".* FROM "users" WHERE "users"."id" = $1 LIMIT $2[0m  [["id", 1], ["LIMIT", 1]]
  [1m[36mPrescription Load (0.2ms)[0m  [1m[34mSELECT  "prescriptions".* FROM "prescriptions" WHERE "prescriptions"."id" = $1 LIMIT $2[0m  [["id", 31], ["LIMIT", 1]]
  [1m[35m (0.1ms)[0m  [1m[35mBEGIN[0m
  [1m[36mCACHE User Load (0.0ms)[0m  [1m[34mSELECT  "users".* FROM "users" WHERE "users"."id" = $1 LIMIT $2[0m  [["id", 1], ["LIMIT", 1]]
  [1m[35mSQL (0.4ms)[0m  [1m[33mUPDATE "prescriptions" SET "last_taken" = $1, "updated_at" = $2 WHERE "prescriptions"."id" = $3[0m  [["last_taken", "2018-03-16 13:54:29.656446"], ["updated_at", "2018-03-16 13:54:29.657780"], ["id", 31]]
  [1m[35m (1.9ms)[0m  [1m[35mCOMMIT[0m
  [1m[36mPrescription Load (0.3ms)[0m  [1m[34mSELECT "prescriptions".* FROM "prescriptions" WHERE "prescriptions"."user_id" = $1[0m  [["user_id", 1]]
Completed 200 OK in 10ms (Views: 3.1ms | ActiveRecord: 3.2ms)


Started GET "/prescriptions/32/takePill" for 127.0.0.1 at 2018-03-16 09:54:30 -0400
Processing by PrescriptionsController#take_pill as HTML
  Parameters: {"id"=>"32"}
  [1m[36mUser Load (0.2ms)[0m  [1m[34mSELECT  "users".* FROM "users" WHERE "users"."id" = $1 LIMIT $2[0m  [["id", 1], ["LIMIT", 1]]
  [1m[36mPrescription Load (0.5ms)[0m  [1m[34mSELECT  "prescriptions".* FROM "prescriptions" WHERE "prescriptions"."id" = $1 LIMIT $2[0m  [["id", 32], ["LIMIT", 1]]
  [1m[35m (0.2ms)[0m  [1m[35mBEGIN[0m
  [1m[36mCACHE User Load (0.0ms)[0m  [1m[34mSELECT  "users".* FROM "users" WHERE "users"."id" = $1 LIMIT $2[0m  [["id", 1], ["LIMIT", 1]]
  [1m[35mSQL (0.4ms)[0m  [1m[33mUPDATE "prescriptions" SET "last_taken" = $1, "updated_at" = $2 WHERE "prescriptions"."id" = $3[0m  [["last_taken", "2018-03-16 13:54:30.557582"], ["updated_at", "2018-03-16 13:54:30.558988"], ["id", 32]]
  [1m[35m (0.4ms)[0m  [1m[35mCOMMIT[0m
  [1m[36mPrescription Load (0.4ms)[0m  [1m[34mSELECT "prescriptions".* FROM "prescriptions" WHERE "prescriptions"."user_id" = $1[0m  [["user_id", 1]]
Completed 200 OK in 8ms (Views: 2.2ms | ActiveRecord: 2.0ms)


Started GET "/prescriptions/31/takePill" for 127.0.0.1 at 2018-03-16 09:54:31 -0400
Processing by PrescriptionsController#take_pill as HTML
  Parameters: {"id"=>"31"}
  [1m[36mUser Load (0.1ms)[0m  [1m[34mSELECT  "users".* FROM "users" WHERE "users"."id" = $1 LIMIT $2[0m  [["id", 1], ["LIMIT", 1]]
  [1m[36mPrescription Load (0.6ms)[0m  [1m[34mSELECT  "prescriptions".* FROM "prescriptions" WHERE "prescriptions"."id" = $1 LIMIT $2[0m  [["id", 31], ["LIMIT", 1]]
  [1m[35m (0.1ms)[0m  [1m[35mBEGIN[0m
  [1m[36mCACHE User Load (0.0ms)[0m  [1m[34mSELECT  "users".* FROM "users" WHERE "users"."id" = $1 LIMIT $2[0m  [["id", 1], ["LIMIT", 1]]
  [1m[35mSQL (0.5ms)[0m  [1m[33mUPDATE "prescriptions" SET "last_taken" = $1, "updated_at" = $2 WHERE "prescriptions"."id" = $3[0m  [["last_taken", "2018-03-16 13:54:31.198654"], ["updated_at", "2018-03-16 13:54:31.200126"], ["id", 31]]
  [1m[35m (1.9ms)[0m  [1m[35mCOMMIT[0m
  [1m[36mPrescription Load (0.3ms)[0m  [1m[34mSELECT "prescriptions".* FROM "prescriptions" WHERE "prescriptions"."user_id" = $1[0m  [["user_id", 1]]
Completed 200 OK in 10ms (Views: 1.9ms | ActiveRecord: 3.6ms)


Started GET "/prescriptions/32/takePill" for 127.0.0.1 at 2018-03-16 09:54:36 -0400
Processing by PrescriptionsController#take_pill as HTML
  Parameters: {"id"=>"32"}
  [1m[36mUser Load (0.2ms)[0m  [1m[34mSELECT  "users".* FROM "users" WHERE "users"."id" = $1 LIMIT $2[0m  [["id", 1], ["LIMIT", 1]]
  [1m[36mPrescription Load (0.4ms)[0m  [1m[34mSELECT  "prescriptions".* FROM "prescriptions" WHERE "prescriptions"."id" = $1 LIMIT $2[0m  [["id", 32], ["LIMIT", 1]]
  [1m[35m (0.1ms)[0m  [1m[35mBEGIN[0m
  [1m[36mCACHE User Load (0.0ms)[0m  [1m[34mSELECT  "users".* FROM "users" WHERE "users"."id" = $1 LIMIT $2[0m  [["id", 1], ["LIMIT", 1]]
  [1m[35mSQL (0.4ms)[0m  [1m[33mUPDATE "prescriptions" SET "last_taken" = $1, "updated_at" = $2 WHERE "prescriptions"."id" = $3[0m  [["last_taken", "2018-03-16 13:54:36.465792"], ["updated_at", "2018-03-16 13:54:36.467249"], ["id", 32]]
  [1m[35m (1.9ms)[0m  [1m[35mCOMMIT[0m
  [1m[36mPrescription Load (0.3ms)[0m  [1m[34mSELECT "prescriptions".* FROM "prescriptions" WHERE "prescriptions"."user_id" = $1[0m  [["user_id", 1]]
Completed 200 OK in 10ms (Views: 2.2ms | ActiveRecord: 3.4ms)


Started GET "/prescriptions/31/takePill" for 127.0.0.1 at 2018-03-16 09:54:37 -0400
Processing by PrescriptionsController#take_pill as HTML
  Parameters: {"id"=>"31"}
  [1m[36mUser Load (0.2ms)[0m  [1m[34mSELECT  "users".* FROM "users" WHERE "users"."id" = $1 LIMIT $2[0m  [["id", 1], ["LIMIT", 1]]
  [1m[36mPrescription Load (0.4ms)[0m  [1m[34mSELECT  "prescriptions".* FROM "prescriptions" WHERE "prescriptions"."id" = $1 LIMIT $2[0m  [["id", 31], ["LIMIT", 1]]
  [1m[35m (0.1ms)[0m  [1m[35mBEGIN[0m
  [1m[36mCACHE User Load (0.1ms)[0m  [1m[34mSELECT  "users".* FROM "users" WHERE "users"."id" = $1 LIMIT $2[0m  [["id", 1], ["LIMIT", 1]]
  [1m[35mSQL (0.4ms)[0m  [1m[33mUPDATE "prescriptions" SET "last_taken" = $1, "updated_at" = $2 WHERE "prescriptions"."id" = $3[0m  [["last_taken", "2018-03-16 13:54:37.152289"], ["updated_at", "2018-03-16 13:54:37.154044"], ["id", 31]]
  [1m[35m (2.1ms)[0m  [1m[35mCOMMIT[0m
  [1m[36mPrescription Load (0.2ms)[0m  [1m[34mSELECT "prescriptions".* FROM "prescriptions" WHERE "prescriptions"."user_id" = $1[0m  [["user_id", 1]]
Completed 200 OK in 10ms (Views: 2.1ms | ActiveRecord: 3.5ms)


Started GET "/prescriptions/32/takePill" for 127.0.0.1 at 2018-03-16 09:54:38 -0400
Processing by PrescriptionsController#take_pill as HTML
  Parameters: {"id"=>"32"}
  [1m[36mUser Load (0.2ms)[0m  [1m[34mSELECT  "users".* FROM "users" WHERE "users"."id" = $1 LIMIT $2[0m  [["id", 1], ["LIMIT", 1]]
  [1m[36mPrescription Load (0.2ms)[0m  [1m[34mSELECT  "prescriptions".* FROM "prescriptions" WHERE "prescriptions"."id" = $1 LIMIT $2[0m  [["id", 32], ["LIMIT", 1]]
  [1m[35m (0.1ms)[0m  [1m[35mBEGIN[0m
  [1m[36mCACHE User Load (0.0ms)[0m  [1m[34mSELECT  "users".* FROM "users" WHERE "users"."id" = $1 LIMIT $2[0m  [["id", 1], ["LIMIT", 1]]
  [1m[35mSQL (0.4ms)[0m  [1m[33mUPDATE "prescriptions" SET "last_taken" = $1, "updated_at" = $2 WHERE "prescriptions"."id" = $3[0m  [["last_taken", "2018-03-16 13:54:38.427219"], ["updated_at", "2018-03-16 13:54:38.428541"], ["id", 32]]
  [1m[35m (1.9ms)[0m  [1m[35mCOMMIT[0m
  [1m[36mPrescription Load (0.2ms)[0m  [1m[34mSELECT "prescriptions".* FROM "prescriptions" WHERE "prescriptions"."user_id" = $1[0m  [["user_id", 1]]
Completed 200 OK in 9ms (Views: 2.1ms | ActiveRecord: 3.0ms)


Started GET "/prescriptions/31/takePill" for 127.0.0.1 at 2018-03-16 09:54:44 -0400
Processing by PrescriptionsController#take_pill as HTML
  Parameters: {"id"=>"31"}
  [1m[36mUser Load (0.2ms)[0m  [1m[34mSELECT  "users".* FROM "users" WHERE "users"."id" = $1 LIMIT $2[0m  [["id", 1], ["LIMIT", 1]]
  [1m[36mPrescription Load (0.2ms)[0m  [1m[34mSELECT  "prescriptions".* FROM "prescriptions" WHERE "prescriptions"."id" = $1 LIMIT $2[0m  [["id", 31], ["LIMIT", 1]]
  [1m[35m (0.1ms)[0m  [1m[35mBEGIN[0m
  [1m[36mCACHE User Load (0.0ms)[0m  [1m[34mSELECT  "users".* FROM "users" WHERE "users"."id" = $1 LIMIT $2[0m  [["id", 1], ["LIMIT", 1]]
  [1m[35mSQL (0.4ms)[0m  [1m[33mUPDATE "prescriptions" SET "last_taken" = $1, "updated_at" = $2 WHERE "prescriptions"."id" = $3[0m  [["last_taken", "2018-03-16 13:54:44.303678"], ["updated_at", "2018-03-16 13:54:44.305611"], ["id", 31]]
  [1m[35m (0.4ms)[0m  [1m[35mCOMMIT[0m
  [1m[36mPrescription Load (0.2ms)[0m  [1m[34mSELECT "prescriptions".* FROM "prescriptions" WHERE "prescriptions"."user_id" = $1[0m  [["user_id", 1]]
Completed 200 OK in 8ms (Views: 2.0ms | ActiveRecord: 1.6ms)


Started GET "/prescriptions/32/takePill" for 127.0.0.1 at 2018-03-16 09:54:44 -0400
Processing by PrescriptionsController#take_pill as HTML
  Parameters: {"id"=>"32"}
  [1m[36mUser Load (0.2ms)[0m  [1m[34mSELECT  "users".* FROM "users" WHERE "users"."id" = $1 LIMIT $2[0m  [["id", 1], ["LIMIT", 1]]
  [1m[36mPrescription Load (0.2ms)[0m  [1m[34mSELECT  "prescriptions".* FROM "prescriptions" WHERE "prescriptions"."id" = $1 LIMIT $2[0m  [["id", 32], ["LIMIT", 1]]
  [1m[35m (0.2ms)[0m  [1m[35mBEGIN[0m
  [1m[36mCACHE User Load (0.0ms)[0m  [1m[34mSELECT  "users".* FROM "users" WHERE "users"."id" = $1 LIMIT $2[0m  [["id", 1], ["LIMIT", 1]]
  [1m[35mSQL (0.5ms)[0m  [1m[33mUPDATE "prescriptions" SET "last_taken" = $1, "updated_at" = $2 WHERE "prescriptions"."id" = $3[0m  [["last_taken", "2018-03-16 13:54:44.486283"], ["updated_at", "2018-03-16 13:54:44.488063"], ["id", 32]]
  [1m[35m (2.0ms)[0m  [1m[35mCOMMIT[0m
  [1m[36mPrescription Load (0.2ms)[0m  [1m[34mSELECT "prescriptions".* FROM "prescriptions" WHERE "prescriptions"."user_id" = $1[0m  [["user_id", 1]]
Completed 200 OK in 12ms (Views: 4.3ms | ActiveRecord: 3.3ms)


Started GET "/prescriptions/31/takePill" for 127.0.0.1 at 2018-03-16 09:54:44 -0400
Processing by PrescriptionsController#take_pill as HTML
  Parameters: {"id"=>"31"}
  [1m[36mUser Load (0.2ms)[0m  [1m[34mSELECT  "users".* FROM "users" WHERE "users"."id" = $1 LIMIT $2[0m  [["id", 1], ["LIMIT", 1]]
  [1m[36mPrescription Load (0.2ms)[0m  [1m[34mSELECT  "prescriptions".* FROM "prescriptions" WHERE "prescriptions"."id" = $1 LIMIT $2[0m  [["id", 31], ["LIMIT", 1]]
  [1m[35m (0.1ms)[0m  [1m[35mBEGIN[0m
  [1m[36mCACHE User Load (0.0ms)[0m  [1m[34mSELECT  "users".* FROM "users" WHERE "users"."id" = $1 LIMIT $2[0m  [["id", 1], ["LIMIT", 1]]
  [1m[35mSQL (0.4ms)[0m  [1m[33mUPDATE "prescriptions" SET "last_taken" = $1, "updated_at" = $2 WHERE "prescriptions"."id" = $3[0m  [["last_taken", "2018-03-16 13:54:44.701474"], ["updated_at", "2018-03-16 13:54:44.703271"], ["id", 31]]
  [1m[35m (2.0ms)[0m  [1m[35mCOMMIT[0m
  [1m[36mPrescription Load (0.2ms)[0m  [1m[34mSELECT "prescriptions".* FROM "prescriptions" WHERE "prescriptions"."user_id" = $1[0m  [["user_id", 1]]
Completed 200 OK in 10ms (Views: 2.1ms | ActiveRecord: 3.1ms)


Started GET "/prescriptions/32/takePill" for 127.0.0.1 at 2018-03-16 09:54:44 -0400
Processing by PrescriptionsController#take_pill as HTML
  Parameters: {"id"=>"32"}
  [1m[36mUser Load (0.2ms)[0m  [1m[34mSELECT  "users".* FROM "users" WHERE "users"."id" = $1 LIMIT $2[0m  [["id", 1], ["LIMIT", 1]]
  [1m[36mPrescription Load (0.1ms)[0m  [1m[34mSELECT  "prescriptions".* FROM "prescriptions" WHERE "prescriptions"."id" = $1 LIMIT $2[0m  [["id", 32], ["LIMIT", 1]]
  [1m[35m (0.1ms)[0m  [1m[35mBEGIN[0m
  [1m[36mCACHE User Load (0.0ms)[0m  [1m[34mSELECT  "users".* FROM "users" WHERE "users"."id" = $1 LIMIT $2[0m  [["id", 1], ["LIMIT", 1]]
  [1m[35mSQL (0.6ms)[0m  [1m[33mUPDATE "prescriptions" SET "last_taken" = $1, "updated_at" = $2 WHERE "prescriptions"."id" = $3[0m  [["last_taken", "2018-03-16 13:54:44.915519"], ["updated_at", "2018-03-16 13:54:44.916793"], ["id", 32]]
  [1m[35m (1.9ms)[0m  [1m[35mCOMMIT[0m
  [1m[36mPrescription Load (0.2ms)[0m  [1m[34mSELECT "prescriptions".* FROM "prescriptions" WHERE "prescriptions"."user_id" = $1[0m  [["user_id", 1]]
Completed 200 OK in 9ms (Views: 2.2ms | ActiveRecord: 3.2ms)


Started GET "/prescriptions/31/takePill" for 127.0.0.1 at 2018-03-16 09:54:45 -0400
Processing by PrescriptionsController#take_pill as HTML
  Parameters: {"id"=>"31"}
  [1m[36mUser Load (0.2ms)[0m  [1m[34mSELECT  "users".* FROM "users" WHERE "users"."id" = $1 LIMIT $2[0m  [["id", 1], ["LIMIT", 1]]
  [1m[36mPrescription Load (0.1ms)[0m  [1m[34mSELECT  "prescriptions".* FROM "prescriptions" WHERE "prescriptions"."id" = $1 LIMIT $2[0m  [["id", 31], ["LIMIT", 1]]
  [1m[35m (0.1ms)[0m  [1m[35mBEGIN[0m
  [1m[36mCACHE User Load (0.0ms)[0m  [1m[34mSELECT  "users".* FROM "users" WHERE "users"."id" = $1 LIMIT $2[0m  [["id", 1], ["LIMIT", 1]]
  [1m[35mSQL (0.4ms)[0m  [1m[33mUPDATE "prescriptions" SET "last_taken" = $1, "updated_at" = $2 WHERE "prescriptions"."id" = $3[0m  [["last_taken", "2018-03-16 13:54:45.147148"], ["updated_at", "2018-03-16 13:54:45.148421"], ["id", 31]]
  [1m[35m (2.0ms)[0m  [1m[35mCOMMIT[0m
  [1m[36mPrescription Load (0.3ms)[0m  [1m[34mSELECT "prescriptions".* FROM "prescriptions" WHERE "prescriptions"."user_id" = $1[0m  [["user_id", 1]]
Completed 200 OK in 9ms (Views: 2.2ms | ActiveRecord: 3.1ms)


Started GET "/prescriptions/32/takePill" for 127.0.0.1 at 2018-03-16 09:54:45 -0400
Processing by PrescriptionsController#take_pill as HTML
  Parameters: {"id"=>"32"}
  [1m[36mUser Load (0.2ms)[0m  [1m[34mSELECT  "users".* FROM "users" WHERE "users"."id" = $1 LIMIT $2[0m  [["id", 1], ["LIMIT", 1]]
  [1m[36mPrescription Load (0.2ms)[0m  [1m[34mSELECT  "prescriptions".* FROM "prescriptions" WHERE "prescriptions"."id" = $1 LIMIT $2[0m  [["id", 32], ["LIMIT", 1]]
  [1m[35m (0.2ms)[0m  [1m[35mBEGIN[0m
  [1m[36mCACHE User Load (0.0ms)[0m  [1m[34mSELECT  "users".* FROM "users" WHERE "users"."id" = $1 LIMIT $2[0m  [["id", 1], ["LIMIT", 1]]
  [1m[35mSQL (0.4ms)[0m  [1m[33mUPDATE "prescriptions" SET "last_taken" = $1, "updated_at" = $2 WHERE "prescriptions"."id" = $3[0m  [["last_taken", "2018-03-16 13:54:45.339018"], ["updated_at", "2018-03-16 13:54:45.340759"], ["id", 32]]
  [1m[35m (2.0ms)[0m  [1m[35mCOMMIT[0m
  [1m[36mPrescription Load (0.2ms)[0m  [1m[34mSELECT "prescriptions".* FROM "prescriptions" WHERE "prescriptions"."user_id" = $1[0m  [["user_id", 1]]
Completed 200 OK in 9ms (Views: 1.8ms | ActiveRecord: 3.2ms)


Started GET "/prescriptions/31/takePill" for 127.0.0.1 at 2018-03-16 09:54:45 -0400
Processing by PrescriptionsController#take_pill as HTML
  Parameters: {"id"=>"31"}
  [1m[36mUser Load (0.2ms)[0m  [1m[34mSELECT  "users".* FROM "users" WHERE "users"."id" = $1 LIMIT $2[0m  [["id", 1], ["LIMIT", 1]]
  [1m[36mPrescription Load (0.2ms)[0m  [1m[34mSELECT  "prescriptions".* FROM "prescriptions" WHERE "prescriptions"."id" = $1 LIMIT $2[0m  [["id", 31], ["LIMIT", 1]]
  [1m[35m (0.1ms)[0m  [1m[35mBEGIN[0m
  [1m[36mCACHE User Load (0.0ms)[0m  [1m[34mSELECT  "users".* FROM "users" WHERE "users"."id" = $1 LIMIT $2[0m  [["id", 1], ["LIMIT", 1]]
  [1m[35mSQL (0.4ms)[0m  [1m[33mUPDATE "prescriptions" SET "last_taken" = $1, "updated_at" = $2 WHERE "prescriptions"."id" = $3[0m  [["last_taken", "2018-03-16 13:54:45.817326"], ["updated_at", "2018-03-16 13:54:45.818808"], ["id", 31]]
  [1m[35m (2.0ms)[0m  [1m[35mCOMMIT[0m
  [1m[36mPrescription Load (0.2ms)[0m  [1m[34mSELECT "prescriptions".* FROM "prescriptions" WHERE "prescriptions"."user_id" = $1[0m  [["user_id", 1]]
Completed 200 OK in 9ms (Views: 1.9ms | ActiveRecord: 3.1ms)


Started GET "/prescriptions/32/takePill" for 127.0.0.1 at 2018-03-16 09:54:49 -0400
Processing by PrescriptionsController#take_pill as HTML
  Parameters: {"id"=>"32"}
  [1m[36mUser Load (0.2ms)[0m  [1m[34mSELECT  "users".* FROM "users" WHERE "users"."id" = $1 LIMIT $2[0m  [["id", 1], ["LIMIT", 1]]
  [1m[36mPrescription Load (0.1ms)[0m  [1m[34mSELECT  "prescriptions".* FROM "prescriptions" WHERE "prescriptions"."id" = $1 LIMIT $2[0m  [["id", 32], ["LIMIT", 1]]
  [1m[35m (0.1ms)[0m  [1m[35mBEGIN[0m
  [1m[36mCACHE User Load (0.0ms)[0m  [1m[34mSELECT  "users".* FROM "users" WHERE "users"."id" = $1 LIMIT $2[0m  [["id", 1], ["LIMIT", 1]]
  [1m[35mSQL (0.4ms)[0m  [1m[33mUPDATE "prescriptions" SET "last_taken" = $1, "updated_at" = $2 WHERE "prescriptions"."id" = $3[0m  [["last_taken", "2018-03-16 13:54:49.360574"], ["updated_at", "2018-03-16 13:54:49.361925"], ["id", 32]]
  [1m[35m (1.9ms)[0m  [1m[35mCOMMIT[0m
  [1m[36mPrescription Load (0.2ms)[0m  [1m[34mSELECT "prescriptions".* FROM "prescriptions" WHERE "prescriptions"."user_id" = $1[0m  [["user_id", 1]]
Completed 200 OK in 9ms (Views: 2.0ms | ActiveRecord: 3.0ms)


Started GET "/prescriptions/1/takePill" for 127.0.0.1 at 2018-03-16 09:54:50 -0400
Processing by PrescriptionsController#take_pill as HTML
  Parameters: {"id"=>"1"}
  [1m[36mUser Load (0.2ms)[0m  [1m[34mSELECT  "users".* FROM "users" WHERE "users"."id" = $1 LIMIT $2[0m  [["id", 1], ["LIMIT", 1]]
  [1m[36mPrescription Load (0.2ms)[0m  [1m[34mSELECT  "prescriptions".* FROM "prescriptions" WHERE "prescriptions"."id" = $1 LIMIT $2[0m  [["id", 1], ["LIMIT", 1]]
  [1m[35m (0.1ms)[0m  [1m[35mBEGIN[0m
  [1m[36mCACHE User Load (0.0ms)[0m  [1m[34mSELECT  "users".* FROM "users" WHERE "users"."id" = $1 LIMIT $2[0m  [["id", 1], ["LIMIT", 1]]
  [1m[35mSQL (0.4ms)[0m  [1m[33mUPDATE "prescriptions" SET "last_taken" = $1, "updated_at" = $2 WHERE "prescriptions"."id" = $3[0m  [["last_taken", "2018-03-16 13:54:50.163306"], ["updated_at", "2018-03-16 13:54:50.164600"], ["id", 1]]
  [1m[35m (5.9ms)[0m  [1m[35mCOMMIT[0m
  [1m[36mPrescription Load (0.2ms)[0m  [1m[34mSELECT "prescriptions".* FROM "prescriptions" WHERE "prescriptions"."user_id" = $1[0m  [["user_id", 1]]
Completed 200 OK in 13ms (Views: 2.1ms | ActiveRecord: 7.0ms)


Started GET "/prescriptions/2/takePill" for 127.0.0.1 at 2018-03-16 09:54:55 -0400
Processing by PrescriptionsController#take_pill as HTML
  Parameters: {"id"=>"2"}
  [1m[36mUser Load (0.2ms)[0m  [1m[34mSELECT  "users".* FROM "users" WHERE "users"."id" = $1 LIMIT $2[0m  [["id", 1], ["LIMIT", 1]]
  [1m[36mPrescription Load (0.2ms)[0m  [1m[34mSELECT  "prescriptions".* FROM "prescriptions" WHERE "prescriptions"."id" = $1 LIMIT $2[0m  [["id", 2], ["LIMIT", 1]]
  [1m[35m (0.1ms)[0m  [1m[35mBEGIN[0m
  [1m[36mCACHE User Load (0.0ms)[0m  [1m[34mSELECT  "users".* FROM "users" WHERE "users"."id" = $1 LIMIT $2[0m  [["id", 1], ["LIMIT", 1]]
  [1m[35mSQL (0.4ms)[0m  [1m[33mUPDATE "prescriptions" SET "last_taken" = $1, "updated_at" = $2 WHERE "prescriptions"."id" = $3[0m  [["last_taken", "2018-03-16 13:54:55.928410"], ["updated_at", "2018-03-16 13:54:55.929699"], ["id", 2]]
  [1m[35m (5.6ms)[0m  [1m[35mCOMMIT[0m
  [1m[36mPrescription Load (0.2ms)[0m  [1m[34mSELECT "prescriptions".* FROM "prescriptions" WHERE "prescriptions"."user_id" = $1[0m  [["user_id", 1]]
Completed 200 OK in 13ms (Views: 2.4ms | ActiveRecord: 6.7ms)


Started GET "/prescriptions/31/takePill" for 127.0.0.1 at 2018-03-16 09:55:02 -0400
Processing by PrescriptionsController#take_pill as HTML
  Parameters: {"id"=>"31"}
  [1m[36mUser Load (0.2ms)[0m  [1m[34mSELECT  "users".* FROM "users" WHERE "users"."id" = $1 LIMIT $2[0m  [["id", 1], ["LIMIT", 1]]
  [1m[36mPrescription Load (0.2ms)[0m  [1m[34mSELECT  "prescriptions".* FROM "prescriptions" WHERE "prescriptions"."id" = $1 LIMIT $2[0m  [["id", 31], ["LIMIT", 1]]
  [1m[35m (0.1ms)[0m  [1m[35mBEGIN[0m
  [1m[36mCACHE User Load (0.0ms)[0m  [1m[34mSELECT  "users".* FROM "users" WHERE "users"."id" = $1 LIMIT $2[0m  [["id", 1], ["LIMIT", 1]]
  [1m[35mSQL (0.4ms)[0m  [1m[33mUPDATE "prescriptions" SET "last_taken" = $1, "updated_at" = $2 WHERE "prescriptions"."id" = $3[0m  [["last_taken", "2018-03-16 13:55:02.987843"], ["updated_at", "2018-03-16 13:55:02.989407"], ["id", 31]]
  [1m[35m (2.0ms)[0m  [1m[35mCOMMIT[0m
  [1m[36mPrescription Load (0.2ms)[0m  [1m[34mSELECT "prescriptions".* FROM "prescriptions" WHERE "prescriptions"."user_id" = $1[0m  [["user_id", 1]]
Completed 200 OK in 9ms (Views: 2.1ms | ActiveRecord: 3.2ms)


Started GET "/prescriptions" for 127.0.0.1 at 2018-03-16 09:56:33 -0400
Processing by PrescriptionsController#index as HTML
Started GET "/isLoggedIn" for 127.0.0.1 at 2018-03-16 09:56:33 -0400
Processing by UsersController#is_logged_in as HTML
  [1m[36mUser Load (2.0ms)[0m  [1m[34mSELECT  "users".* FROM "users" WHERE "users"."id" = $1 LIMIT $2[0m  [["id", 1], ["LIMIT", 1]]
  [1m[36mUser Load (2.9ms)[0m  [1m[34mSELECT  "users".* FROM "users" WHERE "users"."id" = $1 LIMIT $2[0m  [["id", 1], ["LIMIT", 1]]
Completed 200 OK in 6ms (Views: 0.5ms | ActiveRecord: 2.9ms)


  [1m[36mPrescription Load (6.8ms)[0m  [1m[34mSELECT "prescriptions".* FROM "prescriptions" WHERE "prescriptions"."user_id" = $1[0m  [["user_id", 1]]
Completed 200 OK in 22ms (Views: 4.0ms | ActiveRecord: 8.8ms)


Started GET "/prescriptions" for 127.0.0.1 at 2018-03-16 09:56:38 -0400
Started GET "/isLoggedIn" for 127.0.0.1 at 2018-03-16 09:56:38 -0400
Processing by PrescriptionsController#index as HTML
Processing by UsersController#is_logged_in as HTML
  [1m[36mUser Load (0.3ms)[0m  [1m[34mSELECT  "users".* FROM "users" WHERE "users"."id" = $1 LIMIT $2[0m  [["id", 1], ["LIMIT", 1]]
  [1m[36mUser Load (0.3ms)[0m  [1m[34mSELECT  "users".* FROM "users" WHERE "users"."id" = $1 LIMIT $2[0m  [["id", 1], ["LIMIT", 1]]
Completed 200 OK in 8ms (Views: 0.3ms | ActiveRecord: 0.3ms)


  [1m[36mPrescription Load (0.8ms)[0m  [1m[34mSELECT "prescriptions".* FROM "prescriptions" WHERE "prescriptions"."user_id" = $1[0m  [["user_id", 1]]
Completed 200 OK in 12ms (Views: 3.2ms | ActiveRecord: 1.1ms)


